<?xml version="1.0" encoding="UTF-8"?>
<testsuite name="com.example.exampleapp.ExampleAppApplicationTests" tests="1" skipped="0" failures="0" errors="0" timestamp="2023-02-02T13:57:13" hostname="polpc07475" time="0.298">
  <properties/>
  <testcase name="contextLoads()" classname="com.example.exampleapp.ExampleAppApplicationTests" time="0.298"/>
  <system-out><![CDATA[14:57:11.789 [Test worker] DEBUG org.springframework.test.context.BootstrapUtils - Instantiating CacheAwareContextLoaderDelegate from class [org.springframework.test.context.cache.DefaultCacheAwareContextLoaderDelegate]
14:57:11.798 [Test worker] DEBUG org.springframework.test.context.BootstrapUtils - Instantiating BootstrapContext using constructor [public org.springframework.test.context.support.DefaultBootstrapContext(java.lang.Class,org.springframework.test.context.CacheAwareContextLoaderDelegate)]
14:57:11.822 [Test worker] DEBUG org.springframework.test.context.BootstrapUtils - Instantiating TestContextBootstrapper for test class [com.example.exampleapp.ExampleAppApplicationTests] from class [org.springframework.boot.test.context.SpringBootTestContextBootstrapper]
14:57:11.829 [Test worker] INFO org.springframework.boot.test.context.SpringBootTestContextBootstrapper - Neither @ContextConfiguration nor @ContextHierarchy found for test class [com.example.exampleapp.ExampleAppApplicationTests], using SpringBootContextLoader
14:57:11.832 [Test worker] DEBUG org.springframework.test.context.support.AbstractContextLoader - Did not detect default resource location for test class [com.example.exampleapp.ExampleAppApplicationTests]: class path resource [com/example/exampleapp/ExampleAppApplicationTests-context.xml] does not exist
14:57:11.832 [Test worker] DEBUG org.springframework.test.context.support.AbstractContextLoader - Did not detect default resource location for test class [com.example.exampleapp.ExampleAppApplicationTests]: class path resource [com/example/exampleapp/ExampleAppApplicationTestsContext.groovy] does not exist
14:57:11.832 [Test worker] INFO org.springframework.test.context.support.AbstractContextLoader - Could not detect default resource locations for test class [com.example.exampleapp.ExampleAppApplicationTests]: no resource found for suffixes {-context.xml, Context.groovy}.
14:57:11.832 [Test worker] INFO org.springframework.test.context.support.AnnotationConfigContextLoaderUtils - Could not detect default configuration classes for test class [com.example.exampleapp.ExampleAppApplicationTests]: ExampleAppApplicationTests does not declare any static, non-private, non-final, nested classes annotated with @Configuration.
14:57:11.860 [Test worker] DEBUG org.springframework.test.context.support.ActiveProfilesUtils - Could not find an 'annotation declaring class' for annotation type [org.springframework.test.context.ActiveProfiles] and class [com.example.exampleapp.ExampleAppApplicationTests]
14:57:11.914 [Test worker] DEBUG org.springframework.context.annotation.ClassPathScanningCandidateComponentProvider - Identified candidate component class: file [/Users/mateusz.maszkiewicz/repos/example-app/build/classes/java/main/com/example/exampleapp/ExampleAppApplication.class]
14:57:11.915 [Test worker] INFO org.springframework.boot.test.context.SpringBootTestContextBootstrapper - Found @SpringBootConfiguration com.example.exampleapp.ExampleAppApplication for test class com.example.exampleapp.ExampleAppApplicationTests
14:57:11.999 [Test worker] DEBUG org.springframework.boot.test.context.SpringBootTestContextBootstrapper - @TestExecutionListeners is not present for class [com.example.exampleapp.ExampleAppApplicationTests]: using defaults.
14:57:11.999 [Test worker] INFO org.springframework.boot.test.context.SpringBootTestContextBootstrapper - Loaded default TestExecutionListener class names from location [META-INF/spring.factories]: [org.springframework.boot.test.autoconfigure.restdocs.RestDocsTestExecutionListener, org.springframework.boot.test.autoconfigure.web.client.MockRestServiceServerResetTestExecutionListener, org.springframework.boot.test.autoconfigure.web.servlet.MockMvcPrintOnlyOnFailureTestExecutionListener, org.springframework.boot.test.autoconfigure.web.servlet.WebDriverTestExecutionListener, org.springframework.boot.test.autoconfigure.webservices.client.MockWebServiceServerTestExecutionListener, org.springframework.boot.test.mock.mockito.MockitoTestExecutionListener, org.springframework.boot.test.mock.mockito.ResetMocksTestExecutionListener, org.springframework.test.context.web.ServletTestExecutionListener, org.springframework.test.context.support.DirtiesContextBeforeModesTestExecutionListener, org.springframework.test.context.event.ApplicationEventsTestExecutionListener, org.springframework.test.context.support.DependencyInjectionTestExecutionListener, org.springframework.test.context.support.DirtiesContextTestExecutionListener, org.springframework.test.context.transaction.TransactionalTestExecutionListener, org.springframework.test.context.jdbc.SqlScriptsTestExecutionListener, org.springframework.test.context.event.EventPublishingTestExecutionListener]
14:57:12.008 [Test worker] DEBUG org.springframework.boot.test.context.SpringBootTestContextBootstrapper - Skipping candidate TestExecutionListener [org.springframework.test.context.transaction.TransactionalTestExecutionListener] due to a missing dependency. Specify custom listener classes or make the default listener classes and their required dependencies available. Offending class: [org/springframework/transaction/interceptor/TransactionAttributeSource]
14:57:12.008 [Test worker] DEBUG org.springframework.boot.test.context.SpringBootTestContextBootstrapper - Skipping candidate TestExecutionListener [org.springframework.test.context.jdbc.SqlScriptsTestExecutionListener] due to a missing dependency. Specify custom listener classes or make the default listener classes and their required dependencies available. Offending class: [org/springframework/transaction/interceptor/TransactionAttribute]
14:57:12.009 [Test worker] INFO org.springframework.boot.test.context.SpringBootTestContextBootstrapper - Using TestExecutionListeners: [org.springframework.test.context.web.ServletTestExecutionListener@40cb698e, org.springframework.test.context.support.DirtiesContextBeforeModesTestExecutionListener@3382f8ae, org.springframework.test.context.event.ApplicationEventsTestExecutionListener@60641ec8, org.springframework.boot.test.mock.mockito.MockitoTestExecutionListener@75f65e45, org.springframework.boot.test.autoconfigure.SpringBootDependencyInjectionTestExecutionListener@6eeade6c, org.springframework.test.context.support.DirtiesContextTestExecutionListener@4a891c97, org.springframework.test.context.event.EventPublishingTestExecutionListener@a5bd950, org.springframework.boot.test.autoconfigure.restdocs.RestDocsTestExecutionListener@4d18aa28, org.springframework.boot.test.autoconfigure.web.client.MockRestServiceServerResetTestExecutionListener@75390459, org.springframework.boot.test.autoconfigure.web.servlet.MockMvcPrintOnlyOnFailureTestExecutionListener@7756c3cd, org.springframework.boot.test.autoconfigure.web.servlet.WebDriverTestExecutionListener@2313052e, org.springframework.boot.test.autoconfigure.webservices.client.MockWebServiceServerTestExecutionListener@2bd2b28e, org.springframework.boot.test.mock.mockito.ResetMocksTestExecutionListener@16746061]
14:57:12.011 [Test worker] DEBUG org.springframework.test.context.support.AbstractDirtiesContextTestExecutionListener - Before test class: context [DefaultTestContext@7e928e2f testClass = ExampleAppApplicationTests, testInstance = [null], testMethod = [null], testException = [null], mergedContextConfiguration = [WebMergedContextConfiguration@f667fe testClass = ExampleAppApplicationTests, locations = '{}', classes = '{class com.example.exampleapp.ExampleAppApplication}', contextInitializerClasses = '[]', activeProfiles = '{}', propertySourceLocations = '{}', propertySourceProperties = '{org.springframework.boot.test.context.SpringBootTestContextBootstrapper=true}', contextCustomizers = set[org.springframework.boot.test.autoconfigure.actuate.metrics.MetricsExportContextCustomizerFactory$DisableMetricExportContextCustomizer@176b75f7, org.springframework.boot.test.autoconfigure.properties.PropertyMappingContextCustomizer@0, org.springframework.boot.test.autoconfigure.web.servlet.WebDriverContextCustomizerFactory$Customizer@436c81a3, org.springframework.boot.test.context.filter.ExcludeFilterContextCustomizer@609db546, org.springframework.boot.test.json.DuplicateJsonObjectContextCustomizerFactory$DuplicateJsonObjectContextCustomizer@341814d3, org.springframework.boot.test.mock.mockito.MockitoContextCustomizer@0, org.springframework.boot.test.web.client.TestRestTemplateContextCustomizer@20ca951f, org.springframework.boot.test.context.SpringBootTestArgs@1, org.springframework.boot.test.context.SpringBootTestWebEnvironment@45c7e403], resourceBasePath = 'src/main/webapp', contextLoader = 'org.springframework.boot.test.context.SpringBootContextLoader', parent = [null]], attributes = map['org.springframework.test.context.web.ServletTestExecutionListener.activateListener' -> true]], class annotated with @DirtiesContext [false] with mode [null].

  .   ____          _            __ _ _
 /\\ / ___'_ __ _ _(_)_ __  __ _ \ \ \ \
( ( )\___ | '_ | '_| | '_ \/ _` | \ \ \ \
 \\/  ___)| |_)| | | | | || (_| |  ) ) ) )
  '  |____| .__|_| |_|_| |_\__, | / / / /
 =========|_|==============|___/=/_/_/_/
 :: Spring Boot ::                (v2.7.6)

2023-02-02 14:57:12.294  INFO 2281 --- [    Test worker] c.e.e.ExampleAppApplicationTests         : Starting ExampleAppApplicationTests using Java 19.0.1 on polpc07475 with PID 2281 (started by mateusz.maszkiewicz in /Users/mateusz.maszkiewicz/repos/example-app)
2023-02-02 14:57:12.295  INFO 2281 --- [    Test worker] c.e.e.ExampleAppApplicationTests         : No active profile set, falling back to 1 default profile: "default"
2023-02-02 14:57:13.251  INFO 2281 --- [    Test worker] c.e.e.ExampleAppApplicationTests         : Started ExampleAppApplicationTests in 1.211 seconds (JVM running for 2.146)
]]></system-out>
  <system-err><![CDATA[]]></system-err>
</testsuite>
